2024-09-24 03:21:54 - INFO- Loaded SpaCy model 'en_core_web_sm'.
2024-09-24 03:21:54 - INFO- Loaded NERArrays data directly from the code.
2024-09-24 03:21:54 - INFO- Initialized PhraseMatcher with skill patterns.
2024-09-24 03:21:54 - INFO- Precompiled regex patterns for emails, phones, and URLs.
2024-09-24 03:34:21 - INFO- Loaded SpaCy model 'en_core_web_sm'.
2024-09-24 03:34:21 - INFO- Loaded NERArrays data directly from the code.
2024-09-24 03:34:21 - INFO- Initialized PhraseMatcher with skill patterns.
2024-09-24 03:34:21 - INFO- Precompiled regex patterns for emails, phones, and URLs.
2024-09-24 03:34:25 - INFO- Loaded SpaCy model 'en_core_web_sm'.
2024-09-24 03:34:25 - INFO- Loaded NERArrays data directly from the code.
2024-09-24 03:34:25 - INFO- Initialized PhraseMatcher with skill patterns.
2024-09-24 03:34:25 - INFO- Precompiled regex patterns for emails, phones, and URLs.
2024-09-24 03:49:36 - INFO- Reading DOC using Spire.Doc: uploads\d7cf8495-a8ba-41d7-b31f-e0dfbb79db4e.doc
2024-09-24 03:51:04 - INFO- Reading DOC using Spire.Doc: uploads\f6265a64-1400-4a5d-b43f-a5ad8352afde.doc
2024-09-24 03:51:50 - INFO- Reading DOC using Spire.Doc: uploads\511e8ac2-b9e7-4a72-9407-a32fce826aca.doc
2024-09-24 03:52:11 - INFO- Reading DOC using Spire.Doc: uploads\7d9d33fa-34c4-477e-9bdb-779b7042a45b.doc
2024-09-24 04:02:29 - INFO- Reading DOC using Spire.Doc: uploads\ff124780-3666-4ace-8704-c03637492755.doc
2024-09-24 04:04:37 - INFO- Reading DOC using Spire.Doc: uploads\86c09835-06ac-4504-af8f-998d988f6ae7.doc
2024-09-24 04:05:18 - INFO- Reading DOC using Spire.Doc: uploads\4ae2cb6d-d82b-4c9e-8fb7-ae7a4f30148b.doc
2024-09-24 04:23:04 - INFO- Reading DOC using Spire.Doc: uploads\d81c0558-a8d5-4594-af1c-b04fe51a9111.doc
2024-09-24 05:08:06 - INFO- Reading DOC using Spire.Doc: uploads\0bc5b85a-0825-4d63-bc07-80eaf714c8c0.doc
2024-09-24 05:09:27 - INFO- Reading DOC using Spire.Doc: uploads\63fbf077-54e8-4a12-ab03-c71abbfe3b18.doc
2024-09-24 05:10:05 - INFO- Reading DOC using Spire.Doc: uploads\f4a3344f-b297-46d9-963a-17c7a2bb98d9.doc
2024-09-24 05:10:47 - INFO- Reading DOC using Spire.Doc: uploads\27abfd9d-e6ca-4de5-b07a-f1e1f72ee6d7.doc
2024-09-24 05:11:38 - INFO- Reading DOC using Spire.Doc: uploads\105558ae-082d-42b2-bcbc-ee254fcccdea.doc
2024-09-24 05:13:19 - INFO- Reading DOC using Spire.Doc: uploads\7dd2723e-4c73-4eab-bfa9-e0d8c5af3340.doc
2024-09-24 05:13:47 - INFO- Reading DOC using Spire.Doc: uploads\6de7827e-6816-4ea0-a227-b2db0b535d71.doc
2024-09-24 05:14:19 - INFO- Reading DOC using Spire.Doc: uploads\0b222b3e-e010-4036-a136-73c0e2b163f9.doc
2024-09-24 05:21:02 - INFO- Reading DOC using Spire.Doc: uploads\f2f09251-4901-4e83-ae0f-39d383cd4c62.doc
2024-09-24 06:25:41 - INFO- Reading DOC using Spire.Doc: uploads\dffb803c-00d1-4aed-8812-65902f84bdf7.doc
2024-09-24 06:26:24 - INFO- Reading DOC using Spire.Doc: uploads\bbad90f6-a3a3-4529-ac09-f060c45712e9.doc
2024-09-24 06:50:43 - ERROR- Error extracting ZIP file: File is not a zip file
Traceback (most recent call last):
  File "d:\TY\resume-parser-nlp\app\services\ResumeParser.py", line 103, in process_bulk_cvs
    with zipfile.ZipFile(directory, 'r') as zip_ref:
         ^^^^^^^^^^^^^^^^^^^^^^^^^^^^^^^
  File "C:\Users\VICTUS\AppData\Local\Programs\Python\Python312\Lib\zipfile\__init__.py", line 1341, in __init__
    self._RealGetContents()
  File "C:\Users\VICTUS\AppData\Local\Programs\Python\Python312\Lib\zipfile\__init__.py", line 1408, in _RealGetContents
    raise BadZipFile("File is not a zip file")
zipfile.BadZipFile: File is not a zip file
2024-09-24 06:51:29 - ERROR- Error extracting ZIP file: File is not a zip file
Traceback (most recent call last):
  File "d:\TY\resume-parser-nlp\app\services\ResumeParser.py", line 103, in process_bulk_cvs
    with zipfile.ZipFile(directory, 'r') as zip_ref:
         ^^^^^^^^^^^^^^^^^^^^^^^^^^^^^^^
  File "C:\Users\VICTUS\AppData\Local\Programs\Python\Python312\Lib\zipfile\__init__.py", line 1341, in __init__
    self._RealGetContents()
  File "C:\Users\VICTUS\AppData\Local\Programs\Python\Python312\Lib\zipfile\__init__.py", line 1408, in _RealGetContents
    raise BadZipFile("File is not a zip file")
zipfile.BadZipFile: File is not a zip file
2024-09-24 06:52:11 - INFO- Data saved to MongoDB successfully.
2024-09-24 06:53:27 - INFO- Data saved to MongoDB successfully.
2024-09-24 06:57:14 - ERROR- Error connecting to MongoDB: 'NERProcessor' object has no attribute 'mongo_uri'
2024-09-24 06:57:14 - INFO- Data saved to MongoDB successfully.
2024-09-24 08:07:09 - ERROR- Error connecting to MongoDB: 'NERProcessor' object has no attribute 'mongo_uri'
2024-09-24 08:07:09 - INFO- Data saved to MongoDB successfully.
2024-09-24 08:07:14 - ERROR- Error connecting to MongoDB: 'NERProcessor' object has no attribute 'mongo_uri'
2024-09-24 08:07:14 - INFO- Data saved to MongoDB successfully.
2024-09-24 08:58:22 - ERROR- Error connecting to MongoDB: 'NERProcessor' object has no attribute 'mongo_uri'
2024-09-24 08:58:22 - INFO- Data saved to MongoDB successfully.
2024-09-24 08:58:47 - ERROR- Error connecting to MongoDB: 'NERProcessor' object has no attribute 'mongo_uri'
2024-09-24 08:58:47 - INFO- Data saved to MongoDB successfully.
2024-09-24 08:59:37 - ERROR- Error connecting to MongoDB: 'NERProcessor' object has no attribute 'mongo_uri'
2024-09-24 08:59:38 - INFO- Data saved to MongoDB successfully.
2024-09-24 09:03:04 - ERROR- Error connecting to MongoDB: 'NERProcessor' object has no attribute 'mongo_uri'
2024-09-24 09:03:04 - INFO- Data saved to MongoDB successfully.
2024-09-24 09:04:38 - ERROR- Error extracting ZIP file: File is not a zip file
Traceback (most recent call last):
  File "d:\TY\resume-parser-nlp\app\services\ResumeParser.py", line 104, in process_bulk_cvs
    with zipfile.ZipFile(directory, 'r') as zip_ref:
         ^^^^^^^^^^^^^^^^^^^^^^^^^^^^^^^
  File "C:\Users\VICTUS\AppData\Local\Programs\Python\Python312\Lib\zipfile\__init__.py", line 1341, in __init__
    self._RealGetContents()
  File "C:\Users\VICTUS\AppData\Local\Programs\Python\Python312\Lib\zipfile\__init__.py", line 1408, in _RealGetContents
    raise BadZipFile("File is not a zip file")
zipfile.BadZipFile: File is not a zip file
2024-09-24 09:04:38 - ERROR- Error connecting to MongoDB: 'NERProcessor' object has no attribute 'mongo_uri'
2024-09-24 09:04:38 - ERROR- Error saving to MongoDB: documents must be a non-empty list
2024-09-24 09:07:52 - ERROR- Error connecting to MongoDB: 'NERProcessor' object has no attribute 'mongo_uri'
2024-09-24 09:07:52 - INFO- Data saved to MongoDB successfully.
2024-09-24 09:15:37 - ERROR- Error connecting to MongoDB: 'NERProcessor' object has no attribute 'mongo_uri'
2024-09-24 09:15:37 - INFO- Data saved to MongoDB successfully.
2024-09-24 09:22:42 - ERROR- Error connecting to MongoDB: 'NERProcessor' object has no attribute 'mongo_uri'
2024-09-24 09:22:42 - INFO- Data saved to MongoDB successfully.
2024-09-24 09:26:41 - ERROR- Error connecting to MongoDB: 'NERProcessor' object has no attribute 'mongo_uri'
2024-09-24 09:26:41 - INFO- Data saved to MongoDB successfully.
2024-09-24 09:26:41 - ERROR- Error fetching data from MongoDB: 'NERProcessor' object has no attribute 'client'
2024-09-24 09:28:28 - ERROR- Error connecting to MongoDB: 'NERProcessor' object has no attribute 'mongo_uri'
2024-09-24 09:28:28 - INFO- Data saved to MongoDB successfully.
2024-09-24 09:28:28 - ERROR- Error connecting to MongoDB: 'NERProcessor' object has no attribute 'mongo_uri'
2024-09-24 09:28:28 - INFO- Fetched 44 documents from collection 'R74SB8JK46'.
2024-09-24 09:29:12 - ERROR- Error connecting to MongoDB: 'NERProcessor' object has no attribute 'mongo_uri'
2024-09-24 09:29:12 - INFO- Data saved to MongoDB successfully.
2024-09-24 09:29:12 - INFO- Fetched 44 documents from collection 'PABKQNER03'.
2024-09-24 09:32:47 - ERROR- Error connecting to MongoDB: 'NERProcessor' object has no attribute 'mongo_uri'
2024-09-24 09:32:47 - INFO- Data saved to MongoDB successfully.
2024-09-24 09:32:47 - INFO- Fetched 44 documents from collection '7R6NK7YCT6'.
2024-09-24 09:33:30 - ERROR- Error connecting to MongoDB: 'NERProcessor' object has no attribute 'mongo_uri'
2024-09-24 09:33:30 - INFO- Data saved to MongoDB successfully.
2024-09-24 09:33:30 - INFO- Fetched 44 documents from collection 'XB0551D5RX'.
2024-09-24 09:36:10 - ERROR- Error connecting to MongoDB: 'NERProcessor' object has no attribute 'mongo_uri'
2024-09-24 09:36:10 - INFO- Data saved to MongoDB successfully.
2024-09-24 09:36:10 - INFO- Fetched 44 documents from collection 'ZH55W0RF5D'.
2024-09-24 09:38:06 - ERROR- Error connecting to MongoDB: 'NERProcessor' object has no attribute 'mongo_uri'
2024-09-24 09:38:06 - INFO- Data saved to MongoDB successfully.
2024-09-24 09:38:06 - INFO- Fetched 44 documents from collection 'IK1P7P3XZP'.
2024-09-24 09:39:31 - ERROR- Error connecting to MongoDB: 'NERProcessor' object has no attribute 'mongo_uri'
2024-09-24 09:39:31 - INFO- Data saved to MongoDB successfully.
2024-09-24 09:39:31 - INFO- Fetched 44 documents from collection '9IOAGQO4RF'.
2024-09-24 09:41:26 - ERROR- Error connecting to MongoDB: 'NERProcessor' object has no attribute 'mongo_uri'
2024-09-24 09:41:26 - INFO- Data saved to MongoDB successfully.
2024-09-24 09:41:26 - INFO- Fetched 44 documents from collection 'ULWYCRE2A8'.
2024-09-24 09:43:14 - ERROR- Error connecting to MongoDB: 'NERProcessor' object has no attribute 'mongo_uri'
2024-09-24 09:43:14 - INFO- Data saved to MongoDB successfully.
2024-09-24 09:43:14 - INFO- Fetched 44 documents from collection 'SP8X5A2IYM'.
2024-09-24 09:45:00 - ERROR- Error connecting to MongoDB: 'NERProcessor' object has no attribute 'mongo_uri'
2024-09-24 09:45:00 - INFO- Data saved to MongoDB successfully.
2024-09-24 09:45:00 - INFO- Fetched 44 documents from collection 'WU4R1TAAC0'.
2024-09-24 09:45:37 - ERROR- Error connecting to MongoDB: 'NERProcessor' object has no attribute 'mongo_uri'
2024-09-24 09:45:37 - INFO- Data saved to MongoDB successfully.
2024-09-24 09:45:37 - INFO- Fetched 44 documents from collection '7GX86TO7OY'.
2024-09-24 09:46:41 - ERROR- Error connecting to MongoDB: 'NERProcessor' object has no attribute 'mongo_uri'
2024-09-24 09:46:41 - INFO- Data saved to MongoDB successfully.
2024-09-24 09:46:41 - INFO- Fetched 44 documents from collection 'OJDXHZ7MY2'.
2024-09-24 09:49:37 - ERROR- Error connecting to MongoDB: 'NERProcessor' object has no attribute 'mongo_uri'
2024-09-24 09:49:37 - INFO- Data saved to MongoDB successfully.
2024-09-24 09:49:37 - INFO- Fetched 44 documents from collection 'CJDKWAJ6CL'.
2024-09-24 09:50:31 - ERROR- Error connecting to MongoDB: 'NERProcessor' object has no attribute 'mongo_uri'
2024-09-24 09:50:31 - INFO- Data saved to MongoDB successfully.
2024-09-24 09:50:31 - INFO- Fetched 44 documents from collection 'UPN7DMUQFK'.
2024-09-24 09:52:07 - ERROR- Error connecting to MongoDB: 'NERProcessor' object has no attribute 'mongo_uri'
2024-09-24 09:52:07 - INFO- Data saved to MongoDB successfully.
2024-09-24 09:52:07 - INFO- Fetched 44 documents from collection 'JGGCIZ9QSF'.
2024-09-24 09:52:33 - ERROR- Error connecting to MongoDB: 'NERProcessor' object has no attribute 'mongo_uri'
2024-09-24 09:52:33 - INFO- Data saved to MongoDB successfully.
2024-09-24 09:52:33 - INFO- Fetched 44 documents from collection 'CE5ZZITI6A'.
2024-09-24 09:53:26 - ERROR- Error connecting to MongoDB: 'NERProcessor' object has no attribute 'mongo_uri'
2024-09-24 09:53:26 - INFO- Data saved to MongoDB successfully.
2024-09-24 09:53:26 - INFO- Fetched 44 documents from collection '9LUZ15JQ3F'.
2024-09-24 09:54:10 - ERROR- Error connecting to MongoDB: 'NERProcessor' object has no attribute 'mongo_uri'
2024-09-24 09:54:10 - INFO- Data saved to MongoDB successfully.
2024-09-24 09:54:10 - INFO- Fetched 44 documents from collection '8U9JCYL4G2'.
2024-09-24 09:54:59 - ERROR- Error connecting to MongoDB: 'NERProcessor' object has no attribute 'mongo_uri'
2024-09-24 09:54:59 - INFO- Data saved to MongoDB successfully.
2024-09-24 09:54:59 - INFO- Fetched 44 documents from collection 'RY4RVUGTEA'.
2024-09-24 09:55:46 - ERROR- Error connecting to MongoDB: 'NERProcessor' object has no attribute 'mongo_uri'
2024-09-24 09:55:46 - INFO- Data saved to MongoDB successfully.
2024-09-24 09:55:46 - INFO- Fetched 44 documents from collection '1SNVQABQKO'.
2024-09-24 09:57:10 - ERROR- Error connecting to MongoDB: 'NERProcessor' object has no attribute 'mongo_uri'
2024-09-24 09:57:10 - INFO- Data saved to MongoDB successfully.
2024-09-24 09:57:10 - INFO- Fetched 44 documents from collection '6ZJLTQSQ7K'.
2024-09-24 09:58:15 - ERROR- Error connecting to MongoDB: 'NERProcessor' object has no attribute 'mongo_uri'
2024-09-24 09:58:15 - INFO- Data saved to MongoDB successfully.
2024-09-24 09:58:15 - INFO- Fetched 44 documents from collection 'HRE7OMSVBC'.
2024-09-24 09:59:42 - ERROR- Error connecting to MongoDB: 'NERProcessor' object has no attribute 'mongo_uri'
2024-09-24 09:59:42 - INFO- Data saved to MongoDB successfully.
2024-09-24 09:59:53 - ERROR- Error connecting to MongoDB: 'NERProcessor' object has no attribute 'mongo_uri'
2024-09-24 09:59:53 - INFO- Data saved to MongoDB successfully.
2024-09-24 09:59:53 - INFO- Fetched 44 documents from collection 'QAH5K7MQZC'.
2024-09-24 10:01:03 - ERROR- Error connecting to MongoDB: 'NERProcessor' object has no attribute 'mongo_uri'
2024-09-24 10:01:03 - INFO- Data saved to MongoDB successfully.
2024-09-24 10:01:03 - INFO- Fetched 44 documents from collection 'U3ASZ6KUFH'.
2024-09-24 10:02:14 - ERROR- Error connecting to MongoDB: 'NERProcessor' object has no attribute 'mongo_uri'
2024-09-24 10:02:14 - INFO- Data saved to MongoDB successfully.
2024-09-24 10:02:14 - INFO- Fetched 44 documents from collection 'WXBDTITMBH'.
2024-09-24 10:03:14 - ERROR- Error connecting to MongoDB: 'NERProcessor' object has no attribute 'mongo_uri'
2024-09-24 10:03:14 - INFO- Data saved to MongoDB successfully.
2024-09-24 10:03:14 - INFO- Fetched 44 documents from collection '89IVDKQH6P'.
2024-09-24 10:04:28 - ERROR- Error connecting to MongoDB: 'NERProcessor' object has no attribute 'mongo_uri'
2024-09-24 10:04:28 - INFO- Data saved to MongoDB successfully.
2024-09-24 10:04:28 - INFO- Fetched 44 documents from collection 'YK7K4WFQCB'.
2024-09-24 10:04:51 - ERROR- Error connecting to MongoDB: 'NERProcessor' object has no attribute 'mongo_uri'
2024-09-24 10:04:51 - INFO- Data saved to MongoDB successfully.
2024-09-24 10:04:51 - INFO- Fetched 44 documents from collection 'MI6NGDZ6AZ'.
2024-09-24 10:05:54 - ERROR- Error connecting to MongoDB: 'NERProcessor' object has no attribute 'mongo_uri'
2024-09-24 10:05:54 - INFO- Data saved to MongoDB successfully.
2024-09-24 10:05:54 - INFO- Fetched 44 documents from collection 'SJ3O25FFP2'.
2024-09-24 10:06:29 - ERROR- Error connecting to MongoDB: 'NERProcessor' object has no attribute 'mongo_uri'
2024-09-24 10:06:29 - INFO- Data saved to MongoDB successfully.
2024-09-24 10:06:29 - INFO- Fetched 44 documents from collection 'EQJSBGGIOL'.
2024-09-24 10:07:28 - ERROR- Error connecting to MongoDB: 'NERProcessor' object has no attribute 'mongo_uri'
2024-09-24 10:07:28 - INFO- Data saved to MongoDB successfully.
2024-09-24 10:07:28 - INFO- Fetched 44 documents from collection 'LPP8UW7A5Z'.
2024-09-24 10:08:50 - ERROR- Error connecting to MongoDB: 'NERProcessor' object has no attribute 'mongo_uri'
2024-09-24 10:08:50 - INFO- Data saved to MongoDB successfully.
2024-09-24 10:08:50 - INFO- Fetched 44 documents from collection '33G5IRT8CW'.
2024-09-24 10:12:25 - ERROR- Error connecting to MongoDB: 'NERProcessor' object has no attribute 'mongo_uri'
2024-09-24 10:12:25 - INFO- Data saved to MongoDB successfully.
2024-09-24 10:12:25 - INFO- Fetched 44 documents from collection 'VF329UY05J'.
2024-09-24 10:12:49 - ERROR- Error connecting to MongoDB: 'NERProcessor' object has no attribute 'mongo_uri'
2024-09-24 10:12:49 - INFO- Data saved to MongoDB successfully.
2024-09-24 10:12:49 - INFO- Fetched 44 documents from collection 'LSIU4YSSQT'.
2024-09-24 10:12:53 - INFO- Fetched 0 documents from collection '{{ collection_name }}'.
2024-09-24 10:14:15 - ERROR- Error connecting to MongoDB: 'NERProcessor' object has no attribute 'mongo_uri'
2024-09-24 10:14:15 - INFO- Data saved to MongoDB successfully.
2024-09-24 10:14:15 - INFO- Fetched 44 documents from collection 'EQA59MDBH1'.
2024-09-24 10:14:18 - INFO- Fetched 44 documents from collection 'EQA59MDBH1'.
2024-09-24 10:14:18 - INFO- Fetched 0 documents from collection '{{ collection_name }}'.
2024-09-24 10:17:20 - ERROR- Error connecting to MongoDB: 'NERProcessor' object has no attribute 'mongo_uri'
2024-09-24 10:17:20 - INFO- Data saved to MongoDB successfully.
2024-09-24 10:17:20 - INFO- Fetched 44 documents from collection '7O5KMHX1XX'.
2024-09-24 10:17:34 - INFO- Fetched 44 documents from collection '7O5KMHX1XX'.
2024-09-24 10:17:34 - INFO- Fetched 0 documents from collection '{{ collection_name }}'.
2024-09-24 10:17:37 - INFO- Fetched 44 documents from collection '7O5KMHX1XX'.
2024-09-24 10:17:37 - INFO- Fetched 0 documents from collection '{{ collection_name }}'.
2024-09-24 10:17:39 - INFO- Fetched 44 documents from collection '7O5KMHX1XX'.
2024-09-24 10:17:39 - INFO- Fetched 0 documents from collection '{{ collection_name }}'.
